{
  "RSpec": {
    "coverage": {
      "/Users/lesleysanders/turing/3module/consultancy/neigh-bors-be/app/models/farm.rb": {
        "lines": [
          1,
          1,
          null
        ]
      },
      "/Users/lesleysanders/turing/3module/consultancy/neigh-bors-be/app/models/application_record.rb": {
        "lines": [
          1,
          1,
          null
        ]
      },
      "/Users/lesleysanders/turing/3module/consultancy/neigh-bors-be/app/models/mission.rb": {
        "lines": [
          1,
          1,
          null
        ]
      },
      "/Users/lesleysanders/turing/3module/consultancy/neigh-bors-be/app/models/user.rb": {
        "lines": [
          1,
          null,
          null
        ]
      },
      "/Users/lesleysanders/turing/3module/consultancy/neigh-bors-be/app/controllers/api/v1/farms_controller.rb": {
        "lines": [
          1,
          1,
          1,
          null,
          null,
          1,
          2,
          1,
          null,
          1,
          null,
          null,
          null,
          1,
          2,
          2,
          1,
          null,
          1,
          null,
          null,
          null,
          1,
          1,
          1,
          1,
          null,
          0,
          null,
          null,
          null,
          1,
          1,
          null,
          null,
          1,
          null,
          1,
          3,
          null,
          null
        ]
      },
      "/Users/lesleysanders/turing/3module/consultancy/neigh-bors-be/app/controllers/application_controller.rb": {
        "lines": [
          1,
          null
        ]
      },
      "/Users/lesleysanders/turing/3module/consultancy/neigh-bors-be/app/serializers/farm_serializer.rb": {
        "lines": [
          1,
          1,
          1,
          null,
          null
        ]
      },
      "/Users/lesleysanders/turing/3module/consultancy/neigh-bors-be/app/controllers/api/v1/missions_controller.rb": {
        "lines": [
          1,
          null,
          1,
          1,
          null,
          null,
          1,
          2,
          1,
          null,
          1,
          null,
          null,
          null,
          1,
          0,
          0,
          0,
          null,
          0,
          null,
          null,
          null,
          1,
          0,
          0,
          0,
          null,
          0,
          null,
          null,
          null,
          1,
          0,
          null,
          null,
          1,
          null,
          1,
          0,
          null,
          null
        ]
      },
      "/Users/lesleysanders/turing/3module/consultancy/neigh-bors-be/app/serializers/mission_serializer.rb": {
        "lines": [
          1,
          1,
          1,
          null
        ]
      },
      "/Users/lesleysanders/turing/3module/consultancy/neigh-bors-be/app/controllers/api/v1/users_controller.rb": {
        "lines": [
          1,
          1,
          0,
          null,
          null,
          1,
          1,
          1,
          null,
          0,
          null,
          null,
          null,
          1,
          0,
          0,
          0,
          null,
          0,
          null,
          null,
          null,
          1,
          0,
          0,
          0,
          null,
          0,
          null,
          null,
          null,
          1,
          0,
          null,
          null,
          1,
          null,
          1,
          0,
          null,
          null,
          null
        ]
      },
      "/Users/lesleysanders/turing/3module/consultancy/neigh-bors-be/app/serializers/user_serializer.rb": {
        "lines": [
          1,
          1,
          1,
          null,
          null
        ]
      },
      "/Users/lesleysanders/turing/3module/consultancy/neigh-bors-be/app/mailers/application_mailer.rb": {
        "lines": [
          0,
          0,
          0,
          0
        ],
        "branches": {
        }
      },
      "/Users/lesleysanders/turing/3module/consultancy/neigh-bors-be/app/jobs/application_job.rb": {
        "lines": [
          0,
          0
        ],
        "branches": {
        }
      },
      "/Users/lesleysanders/turing/3module/consultancy/neigh-bors-be/app/channels/application_cable/connection.rb": {
        "lines": [
          0,
          0,
          0,
          0
        ],
        "branches": {
        }
      },
      "/Users/lesleysanders/turing/3module/consultancy/neigh-bors-be/app/channels/application_cable/channel.rb": {
        "lines": [
          0,
          0,
          0,
          0
        ],
        "branches": {
        }
      }
    },
    "timestamp": 1641574353
  }
}
